# JRE version: OpenJDK Runtime Environment AdoptOpenJDK-11.0.11+9 (11.0.11+9) (build 11.0.11+9)
# Java VM: OpenJDK 64-Bit Server VM AdoptOpenJDK-11.0.11+9 (11.0.11+9, mixed mode, tiered, compressed oops, g1 gc, bsd-amd64)
Heap:
 garbage-first heap   total 131072K, used 63931K [0x0000000700000000, 0x0000000800000000)
  region size 1024K, 17 young (17408K), 4 survivors (4096K)
 Metaspace       used 39171K, capacity 39623K, committed 40112K, reserved 1083392K
  class space    used 5482K, capacity 5614K, committed 5632K, reserved 1048576K
GC Heap History (20 events):
Event: 10.134 GC heap before
{Heap before GC invocations=14 (full 0):
 garbage-first heap   total 131072K, used 107985K [0x0000000700000000, 0x0000000800000000)
  region size 1024K, 71 young (72704K), 6 survivors (6144K)
 Metaspace       used 34974K, capacity 35453K, committed 35888K, reserved 1081344K
  class space    used 4805K, capacity 4973K, committed 4992K, reserved 1048576K
}
Event: 10.136 GC heap after
{Heap after GC invocations=15 (full 0):
 garbage-first heap   total 131072K, used 43033K [0x0000000700000000, 0x0000000800000000)
  region size 1024K, 6 young (6144K), 6 survivors (6144K)
 Metaspace       used 34974K, capacity 35453K, committed 35888K, reserved 1081344K
  class space    used 4805K, capacity 4973K, committed 4992K, reserved 1048576K
}
Event: 10.180 GC heap before
{Heap before GC invocations=15 (full 0):
 garbage-first heap   total 131072K, used 48153K [0x0000000700000000, 0x0000000800000000)
  region size 1024K, 12 young (12288K), 6 survivors (6144K)
 Metaspace       used 35038K, capacity 35453K, committed 35888K, reserved 1081344K
  class space    used 4820K, capacity 4973K, committed 4992K, reserved 1048576K
}
Event: 10.182 GC heap after
{Heap after GC invocations=16 (full 0):
 garbage-first heap   total 131072K, used 42810K [0x0000000700000000, 0x0000000800000000)
  region size 1024K, 4 young (4096K), 4 survivors (4096K)
 Metaspace       used 35038K, capacity 35453K, committed 35888K, reserved 1081344K
  class space    used 4820K, capacity 4973K, committed 4992K, reserved 1048576K
}
Event: 10.710 GC heap before
{Heap before GC invocations=17 (full 0):
 garbage-first heap   total 131072K, used 94010K [0x0000000700000000, 0x0000000800000000)
  region size 1024K, 54 young (55296K), 4 survivors (4096K)
 Metaspace       used 35753K, capacity 36218K, committed 36784K, reserved 1081344K
  class space    used 4954K, capacity 5100K, committed 5120K, reserved 1048576K
}
Event: 10.711 GC heap after
{Heap after GC invocations=18 (full 0):
 garbage-first heap   total 131072K, used 43054K [0x0000000700000000, 0x0000000800000000)
  region size 1024K, 4 young (4096K), 4 survivors (4096K)
 Metaspace       used 35753K, capacity 36218K, committed 36784K, reserved 1081344K
  class space    used 4954K, capacity 5100K, committed 5120K, reserved 1048576K
}
Event: 11.238 GC heap before
{Heap before GC invocations=18 (full 0):
 garbage-first heap   total 131072K, used 96302K [0x0000000700000000, 0x0000000800000000)
  region size 1024K, 57 young (58368K), 4 survivors (4096K)
 Metaspace       used 36433K, capacity 36890K, committed 37552K, reserved 1081344K
  class space    used 5113K, capacity 5260K, committed 5376K, reserved 1048576K
}
Event: 11.240 GC heap after
{Heap after GC invocations=19 (full 0):
 garbage-first heap   total 131072K, used 43195K [0x0000000700000000, 0x0000000800000000)
  region size 1024K, 4 young (4096K), 4 survivors (4096K)
 Metaspace       used 36433K, capacity 36890K, committed 37552K, reserved 1081344K
  class space    used 5113K, capacity 5260K, committed 5376K, reserved 1048576K
}
Event: 11.775 GC heap before
{Heap before GC invocations=19 (full 0):
 garbage-first heap   total 131072K, used 100539K [0x0000000700000000, 0x0000000800000000)
  region size 1024K, 60 young (61440K), 4 survivors (4096K)
 Metaspace       used 37106K, capacity 37562K, committed 38064K, reserved 1081344K
  class space    used 5198K, capacity 5356K, committed 5376K, reserved 1048576K
}
Event: 11.777 GC heap after
{Heap after GC invocations=20 (full 0):
 garbage-first heap   total 131072K, used 44662K [0x0000000700000000, 0x0000000800000000)
  region size 1024K, 5 young (5120K), 5 survivors (5120K)
 Metaspace       used 37106K, capacity 37562K, committed 38064K, reserved 1081344K
  class space    used 5198K, capacity 5356K, committed 5376K, reserved 1048576K
}
Event: 12.302 GC heap before
{Heap before GC invocations=20 (full 0):
 garbage-first heap   total 131072K, used 103030K [0x0000000700000000, 0x0000000800000000)
  region size 1024K, 62 young (63488K), 5 survivors (5120K)
 Metaspace       used 37691K, capacity 38106K, committed 38704K, reserved 1083392K
  class space    used 5306K, capacity 5452K, committed 5504K, reserved 1048576K
}
Event: 12.304 GC heap after
{Heap after GC invocations=21 (full 0):
 garbage-first heap   total 131072K, used 46981K [0x0000000700000000, 0x0000000800000000)
  region size 1024K, 5 young (5120K), 5 survivors (5120K)
 Metaspace       used 37691K, capacity 38106K, committed 38704K, reserved 1083392K
  class space    used 5306K, capacity 5452K, committed 5504K, reserved 1048576K
}
Event: 12.847 GC heap before
{Heap before GC invocations=21 (full 0):
 garbage-first heap   total 131072K, used 104325K [0x0000000700000000, 0x0000000800000000)
  region size 1024K, 61 young (62464K), 5 survivors (5120K)
 Metaspace       used 38290K, capacity 38746K, committed 39344K, reserved 1083392K
  class space    used 5408K, capacity 5580K, committed 5632K, reserved 1048576K
}
Event: 12.849 GC heap after
{Heap after GC invocations=22 (full 0):
 garbage-first heap   total 131072K, used 47475K [0x0000000700000000, 0x0000000800000000)
  region size 1024K, 4 young (4096K), 4 survivors (4096K)
 Metaspace       used 38290K, capacity 38746K, committed 39344K, reserved 1083392K
  class space    used 5408K, capacity 5580K, committed 5632K, reserved 1048576K
}
Event: 13.518 GC heap before
{Heap before GC invocations=22 (full 0):
 garbage-first heap   total 131072K, used 104819K [0x0000000700000000, 0x0000000800000000)
  region size 1024K, 61 young (62464K), 4 survivors (4096K)
 Metaspace       used 39146K, capacity 39559K, committed 40112K, reserved 1083392K
  class space    used 5482K, capacity 5614K, committed 5632K, reserved 1048576K
}
Event: 13.522 GC heap after
{Heap after GC invocations=23 (full 0):
 garbage-first heap   total 131072K, used 51689K [0x0000000700000000, 0x0000000800000000)
  region size 1024K, 8 young (8192K), 8 survivors (8192K)
 Metaspace       used 39146K, capacity 39559K, committed 40112K, reserved 1083392K
  class space    used 5482K, capacity 5614K, committed 5632K, reserved 1048576K
}
Event: 13.626 GC heap before
{Heap before GC invocations=23 (full 0):
 garbage-first heap   total 131072K, used 106985K [0x0000000700000000, 0x0000000800000000)
  region size 1024K, 62 young (63488K), 8 survivors (8192K)
 Metaspace       used 39158K, capacity 39559K, committed 40112K, reserved 1083392K
  class space    used 5482K, capacity 5614K, committed 5632K, reserved 1048576K
}
Event: 13.630 GC heap after
{Heap after GC invocations=24 (full 0):
 garbage-first heap   total 131072K, used 51624K [0x0000000700000000, 0x0000000800000000)
  region size 1024K, 4 young (4096K), 4 survivors (4096K)
 Metaspace       used 39158K, capacity 39559K, committed 40112K, reserved 1083392K
  class space    used 5482K, capacity 5614K, committed 5632K, reserved 1048576K
}
Event: 13.745 GC heap before
{Heap before GC invocations=24 (full 0):
 garbage-first heap   total 131072K, used 106920K [0x0000000700000000, 0x0000000800000000)
  region size 1024K, 58 young (59392K), 4 survivors (4096K)
 Metaspace       used 39170K, capacity 39623K, committed 40112K, reserved 1083392K
  class space    used 5482K, capacity 5614K, committed 5632K, reserved 1048576K
}
Event: 13.746 GC heap after
{Heap after GC invocations=25 (full 0):
 garbage-first heap   total 131072K, used 51643K [0x0000000700000000, 0x0000000800000000)
  region size 1024K, 4 young (4096K), 4 survivors (4096K)
 Metaspace       used 39170K, capacity 39623K, committed 40112K, reserved 1083392K
  class space    used 5482K, capacity 5614K, committed 5632K, reserved 1048576K
}

