# JRE version: OpenJDK Runtime Environment AdoptOpenJDK-11.0.11+9 (11.0.11+9) (build 11.0.11+9)
# Java VM: OpenJDK 64-Bit Server VM AdoptOpenJDK-11.0.11+9 (11.0.11+9, mixed mode, tiered, compressed oops, g1 gc, bsd-amd64)
Heap:
 garbage-first heap   total 131072K, used 74365K [0x0000000700000000, 0x0000000800000000)
  region size 1024K, 26 young (26624K), 2 survivors (2048K)
 Metaspace       used 36394K, capacity 36783K, committed 37376K, reserved 1081344K
  class space    used 5147K, capacity 5287K, committed 5376K, reserved 1048576K
GC Heap History (20 events):
Event: 8.157 GC heap before
{Heap before GC invocations=13 (full 0):
 garbage-first heap   total 131072K, used 105389K [0x0000000700000000, 0x0000000800000000)
  region size 1024K, 73 young (74752K), 7 survivors (7168K)
 Metaspace       used 31612K, capacity 32099K, committed 32768K, reserved 1077248K
  class space    used 4331K, capacity 4517K, committed 4608K, reserved 1048576K
}
Event: 8.159 GC heap after
{Heap after GC invocations=14 (full 0):
 garbage-first heap   total 131072K, used 40484K [0x0000000700000000, 0x0000000800000000)
  region size 1024K, 7 young (7168K), 7 survivors (7168K)
 Metaspace       used 31612K, capacity 32099K, committed 32768K, reserved 1077248K
  class space    used 4331K, capacity 4517K, committed 4608K, reserved 1048576K
}
Event: 8.819 GC heap before
{Heap before GC invocations=14 (full 0):
 garbage-first heap   total 131072K, used 107044K [0x0000000700000000, 0x0000000800000000)
  region size 1024K, 73 young (74752K), 7 survivors (7168K)
 Metaspace       used 32340K, capacity 32835K, committed 33408K, reserved 1077248K
  class space    used 4493K, capacity 4677K, committed 4736K, reserved 1048576K
}
Event: 8.822 GC heap after
{Heap after GC invocations=15 (full 0):
 garbage-first heap   total 131072K, used 42017K [0x0000000700000000, 0x0000000800000000)
  region size 1024K, 6 young (6144K), 6 survivors (6144K)
 Metaspace       used 32340K, capacity 32835K, committed 33408K, reserved 1077248K
  class space    used 4493K, capacity 4677K, committed 4736K, reserved 1048576K
}
Event: 9.454 GC heap before
{Heap before GC invocations=15 (full 0):
 garbage-first heap   total 131072K, used 107553K [0x0000000700000000, 0x0000000800000000)
  region size 1024K, 71 young (72704K), 6 survivors (6144K)
 Metaspace       used 33260K, capacity 33763K, committed 34432K, reserved 1079296K
  class space    used 4700K, capacity 4901K, committed 4992K, reserved 1048576K
}
Event: 9.457 GC heap after
{Heap after GC invocations=16 (full 0):
 garbage-first heap   total 131072K, used 42238K [0x0000000700000000, 0x0000000800000000)
  region size 1024K, 4 young (4096K), 4 survivors (4096K)
 Metaspace       used 33260K, capacity 33763K, committed 34432K, reserved 1079296K
  class space    used 4700K, capacity 4901K, committed 4992K, reserved 1048576K
}
Event: 10.113 GC heap before
{Heap before GC invocations=16 (full 0):
 garbage-first heap   total 131072K, used 108798K [0x0000000700000000, 0x0000000800000000)
  region size 1024K, 69 young (70656K), 4 survivors (4096K)
 Metaspace       used 34060K, capacity 34595K, committed 35328K, reserved 1079296K
  class space    used 4828K, capacity 5029K, committed 5120K, reserved 1048576K
}
Event: 10.114 GC heap after
{Heap after GC invocations=17 (full 0):
 garbage-first heap   total 131072K, used 42783K [0x0000000700000000, 0x0000000800000000)
  region size 1024K, 4 young (4096K), 4 survivors (4096K)
 Metaspace       used 34060K, capacity 34595K, committed 35328K, reserved 1079296K
  class space    used 4828K, capacity 5029K, committed 5120K, reserved 1048576K
}
Event: 10.751 GC heap before
{Heap before GC invocations=17 (full 0):
 garbage-first heap   total 131072K, used 110367K [0x0000000700000000, 0x0000000800000000)
  region size 1024K, 70 young (71680K), 4 survivors (4096K)
 Metaspace       used 34765K, capacity 35267K, committed 35840K, reserved 1079296K
  class space    used 4936K, capacity 5125K, committed 5248K, reserved 1048576K
}
Event: 10.753 GC heap after
{Heap after GC invocations=18 (full 0):
 garbage-first heap   total 131072K, used 46380K [0x0000000700000000, 0x0000000800000000)
  region size 1024K, 7 young (7168K), 7 survivors (7168K)
 Metaspace       used 34765K, capacity 35267K, committed 35840K, reserved 1079296K
  class space    used 4936K, capacity 5125K, committed 5248K, reserved 1048576K
}
Event: 10.811 GC heap before
{Heap before GC invocations=18 (full 0):
 garbage-first heap   total 131072K, used 51500K [0x0000000700000000, 0x0000000800000000)
  region size 1024K, 13 young (13312K), 7 survivors (7168K)
 Metaspace       used 34818K, capacity 35267K, committed 35840K, reserved 1079296K
  class space    used 4943K, capacity 5125K, committed 5248K, reserved 1048576K
}
Event: 10.813 GC heap after
{Heap after GC invocations=19 (full 0):
 garbage-first heap   total 131072K, used 46188K [0x0000000700000000, 0x0000000800000000)
  region size 1024K, 5 young (5120K), 5 survivors (5120K)
 Metaspace       used 34818K, capacity 35267K, committed 35840K, reserved 1079296K
  class space    used 4943K, capacity 5125K, committed 5248K, reserved 1048576K
}
Event: 11.329 GC heap before
{Heap before GC invocations=20 (full 0):
 garbage-first heap   total 131072K, used 95340K [0x0000000700000000, 0x0000000800000000)
  region size 1024K, 54 young (55296K), 5 survivors (5120K)
 Metaspace       used 35324K, capacity 35811K, committed 36480K, reserved 1081344K
  class space    used 5036K, capacity 5221K, committed 5248K, reserved 1048576K
}
Event: 11.331 GC heap after
{Heap after GC invocations=21 (full 0):
 garbage-first heap   total 131072K, used 46676K [0x0000000700000000, 0x0000000800000000)
  region size 1024K, 4 young (4096K), 4 survivors (4096K)
 Metaspace       used 35324K, capacity 35811K, committed 36480K, reserved 1081344K
  class space    used 5036K, capacity 5221K, committed 5248K, reserved 1048576K
}
Event: 11.982 GC heap before
{Heap before GC invocations=21 (full 0):
 garbage-first heap   total 131072K, used 97876K [0x0000000700000000, 0x0000000800000000)
  region size 1024K, 55 young (56320K), 4 survivors (4096K)
 Metaspace       used 36152K, capacity 36591K, committed 37376K, reserved 1081344K
  class space    used 5132K, capacity 5287K, committed 5376K, reserved 1048576K
}
Event: 11.986 GC heap after
{Heap after GC invocations=22 (full 0):
 garbage-first heap   total 131072K, used 49441K [0x0000000700000000, 0x0000000800000000)
  region size 1024K, 7 young (7168K), 7 survivors (7168K)
 Metaspace       used 36152K, capacity 36591K, committed 37376K, reserved 1081344K
  class space    used 5132K, capacity 5287K, committed 5376K, reserved 1048576K
}
Event: 12.238 GC heap before
{Heap before GC invocations=22 (full 0):
 garbage-first heap   total 131072K, used 99617K [0x0000000700000000, 0x0000000800000000)
  region size 1024K, 57 young (58368K), 7 survivors (7168K)
 Metaspace       used 36378K, capacity 36783K, committed 37376K, reserved 1081344K
  class space    used 5147K, capacity 5287K, committed 5376K, reserved 1048576K
}
Event: 12.243 GC heap after
{Heap after GC invocations=23 (full 0):
 garbage-first heap   total 131072K, used 50638K [0x0000000700000000, 0x0000000800000000)
  region size 1024K, 5 young (5120K), 5 survivors (5120K)
 Metaspace       used 36378K, capacity 36783K, committed 37376K, reserved 1081344K
  class space    used 5147K, capacity 5287K, committed 5376K, reserved 1048576K
}
Event: 12.352 GC heap before
{Heap before GC invocations=23 (full 0):
 garbage-first heap   total 131072K, used 102862K [0x0000000700000000, 0x0000000800000000)
  region size 1024K, 56 young (57344K), 5 survivors (5120K)
 Metaspace       used 36389K, capacity 36783K, committed 37376K, reserved 1081344K
  class space    used 5147K, capacity 5287K, committed 5376K, reserved 1048576K
}
Event: 12.354 GC heap after
{Heap after GC invocations=24 (full 0):
 garbage-first heap   total 131072K, used 50813K [0x0000000700000000, 0x0000000800000000)
  region size 1024K, 2 young (2048K), 2 survivors (2048K)
 Metaspace       used 36389K, capacity 36783K, committed 37376K, reserved 1081344K
  class space    used 5147K, capacity 5287K, committed 5376K, reserved 1048576K
}

