# JRE version: OpenJDK Runtime Environment AdoptOpenJDK-11.0.11+9 (11.0.11+9) (build 11.0.11+9)
# Java VM: OpenJDK 64-Bit Server VM AdoptOpenJDK-11.0.11+9 (11.0.11+9, mixed mode, tiered, compressed oops, g1 gc, bsd-amd64)
Heap:
 garbage-first heap   total 131072K, used 62617K [0x0000000700000000, 0x0000000800000000)
  region size 1024K, 16 young (16384K), 4 survivors (4096K)
 Metaspace       used 39177K, capacity 39622K, committed 40112K, reserved 1083392K
  class space    used 5482K, capacity 5614K, committed 5632K, reserved 1048576K
GC Heap History (20 events):
Event: 9.102 GC heap before
{Heap before GC invocations=14 (full 0):
 garbage-first heap   total 131072K, used 99507K [0x0000000700000000, 0x0000000800000000)
  region size 1024K, 67 young (68608K), 6 survivors (6144K)
 Metaspace       used 33793K, capacity 34237K, committed 34608K, reserved 1079296K
  class space    used 4547K, capacity 4717K, committed 4736K, reserved 1048576K
}
Event: 9.104 GC heap after
{Heap after GC invocations=15 (full 0):
 garbage-first heap   total 131072K, used 39129K [0x0000000700000000, 0x0000000800000000)
  region size 1024K, 7 young (7168K), 7 survivors (7168K)
 Metaspace       used 33793K, capacity 34237K, committed 34608K, reserved 1079296K
  class space    used 4547K, capacity 4717K, committed 4736K, reserved 1048576K
}
Event: 9.671 GC heap before
{Heap before GC invocations=15 (full 0):
 garbage-first heap   total 131072K, used 101593K [0x0000000700000000, 0x0000000800000000)
  region size 1024K, 68 young (69632K), 7 survivors (7168K)
 Metaspace       used 34594K, capacity 35037K, committed 35632K, reserved 1079296K
  class space    used 4702K, capacity 4877K, committed 4992K, reserved 1048576K
}
Event: 9.673 GC heap after
{Heap after GC invocations=16 (full 0):
 garbage-first heap   total 131072K, used 40965K [0x0000000700000000, 0x0000000800000000)
  region size 1024K, 7 young (7168K), 7 survivors (7168K)
 Metaspace       used 34594K, capacity 35037K, committed 35632K, reserved 1079296K
  class space    used 4702K, capacity 4877K, committed 4992K, reserved 1048576K
}
Event: 10.147 GC heap before
{Heap before GC invocations=16 (full 0):
 garbage-first heap   total 131072K, used 90117K [0x0000000700000000, 0x0000000800000000)
  region size 1024K, 57 young (58368K), 7 survivors (7168K)
 Metaspace       used 35065K, capacity 35517K, committed 35888K, reserved 1081344K
  class space    used 4813K, capacity 4973K, committed 4992K, reserved 1048576K
}
Event: 10.149 GC heap after
{Heap after GC invocations=17 (full 0):
 garbage-first heap   total 131072K, used 42173K [0x0000000700000000, 0x0000000800000000)
  region size 1024K, 6 young (6144K), 6 survivors (6144K)
 Metaspace       used 35065K, capacity 35517K, committed 35888K, reserved 1081344K
  class space    used 4813K, capacity 4973K, committed 4992K, reserved 1048576K
}
Event: 10.759 GC heap before
{Heap before GC invocations=18 (full 0):
 garbage-first heap   total 131072K, used 103613K [0x0000000700000000, 0x0000000800000000)
  region size 1024K, 66 young (67584K), 6 survivors (6144K)
 Metaspace       used 35884K, capacity 36314K, committed 36912K, reserved 1081344K
  class space    used 4981K, capacity 5132K, committed 5248K, reserved 1048576K
}
Event: 10.760 GC heap after
{Heap after GC invocations=19 (full 0):
 garbage-first heap   total 131072K, used 42670K [0x0000000700000000, 0x0000000800000000)
  region size 1024K, 4 young (4096K), 4 survivors (4096K)
 Metaspace       used 35884K, capacity 36314K, committed 36912K, reserved 1081344K
  class space    used 4981K, capacity 5132K, committed 5248K, reserved 1048576K
}
Event: 11.366 GC heap before
{Heap before GC invocations=19 (full 0):
 garbage-first heap   total 131072K, used 105134K [0x0000000700000000, 0x0000000800000000)
  region size 1024K, 65 young (66560K), 4 survivors (4096K)
 Metaspace       used 36621K, capacity 37050K, committed 37552K, reserved 1081344K
  class space    used 5145K, capacity 5292K, committed 5376K, reserved 1048576K
}
Event: 11.368 GC heap after
{Heap after GC invocations=20 (full 0):
 garbage-first heap   total 131072K, used 42888K [0x0000000700000000, 0x0000000800000000)
  region size 1024K, 4 young (4096K), 4 survivors (4096K)
 Metaspace       used 36621K, capacity 37050K, committed 37552K, reserved 1081344K
  class space    used 5145K, capacity 5292K, committed 5376K, reserved 1048576K
}
Event: 11.957 GC heap before
{Heap before GC invocations=20 (full 0):
 garbage-first heap   total 131072K, used 107400K [0x0000000700000000, 0x0000000800000000)
  region size 1024K, 67 young (68608K), 4 survivors (4096K)
 Metaspace       used 37381K, capacity 37786K, committed 38448K, reserved 1083392K
  class space    used 5248K, capacity 5388K, committed 5504K, reserved 1048576K
}
Event: 11.959 GC heap after
{Heap after GC invocations=21 (full 0):
 garbage-first heap   total 131072K, used 44262K [0x0000000700000000, 0x0000000800000000)
  region size 1024K, 5 young (5120K), 5 survivors (5120K)
 Metaspace       used 37381K, capacity 37786K, committed 38448K, reserved 1083392K
  class space    used 5248K, capacity 5388K, committed 5504K, reserved 1048576K
}
Event: 12.515 GC heap before
{Heap before GC invocations=21 (full 0):
 garbage-first heap   total 131072K, used 107750K [0x0000000700000000, 0x0000000800000000)
  region size 1024K, 67 young (68608K), 5 survivors (5120K)
 Metaspace       used 37960K, capacity 38426K, committed 39088K, reserved 1083392K
  class space    used 5345K, capacity 5516K, committed 5632K, reserved 1048576K
}
Event: 12.517 GC heap after
{Heap after GC invocations=22 (full 0):
 garbage-first heap   total 131072K, used 47087K [0x0000000700000000, 0x0000000800000000)
  region size 1024K, 7 young (7168K), 7 survivors (7168K)
 Metaspace       used 37960K, capacity 38426K, committed 39088K, reserved 1083392K
  class space    used 5345K, capacity 5516K, committed 5632K, reserved 1048576K
}
Event: 13.218 GC heap before
{Heap before GC invocations=22 (full 0):
 garbage-first heap   total 131072K, used 108527K [0x0000000700000000, 0x0000000800000000)
  region size 1024K, 68 young (69632K), 7 survivors (7168K)
 Metaspace       used 38870K, capacity 39296K, committed 39856K, reserved 1083392K
  class space    used 5467K, capacity 5613K, committed 5632K, reserved 1048576K
}
Event: 13.221 GC heap after
{Heap after GC invocations=23 (full 0):
 garbage-first heap   total 131072K, used 49182K [0x0000000700000000, 0x0000000800000000)
  region size 1024K, 6 young (6144K), 6 survivors (6144K)
 Metaspace       used 38870K, capacity 39296K, committed 39856K, reserved 1083392K
  class space    used 5467K, capacity 5613K, committed 5632K, reserved 1048576K
}
Event: 13.646 GC heap before
{Heap before GC invocations=23 (full 0):
 garbage-first heap   total 131072K, used 109598K [0x0000000700000000, 0x0000000800000000)
  region size 1024K, 65 young (66560K), 6 survivors (6144K)
 Metaspace       used 39163K, capacity 39558K, committed 40112K, reserved 1083392K
  class space    used 5482K, capacity 5614K, committed 5632K, reserved 1048576K
}
Event: 13.650 GC heap after
{Heap after GC invocations=24 (full 0):
 garbage-first heap   total 131072K, used 51375K [0x0000000700000000, 0x0000000800000000)
  region size 1024K, 6 young (6144K), 6 survivors (6144K)
 Metaspace       used 39163K, capacity 39558K, committed 40112K, reserved 1083392K
  class space    used 5482K, capacity 5614K, committed 5632K, reserved 1048576K
}
Event: 13.769 GC heap before
{Heap before GC invocations=24 (full 0):
 garbage-first heap   total 131072K, used 109743K [0x0000000700000000, 0x0000000800000000)
  region size 1024K, 63 young (64512K), 6 survivors (6144K)
 Metaspace       used 39175K, capacity 39622K, committed 40112K, reserved 1083392K
  class space    used 5482K, capacity 5614K, committed 5632K, reserved 1048576K
}
Event: 13.771 GC heap after
{Heap after GC invocations=25 (full 0):
 garbage-first heap   total 131072K, used 51353K [0x0000000700000000, 0x0000000800000000)
  region size 1024K, 4 young (4096K), 4 survivors (4096K)
 Metaspace       used 39175K, capacity 39622K, committed 40112K, reserved 1083392K
  class space    used 5482K, capacity 5614K, committed 5632K, reserved 1048576K
}

