# JRE version: OpenJDK Runtime Environment AdoptOpenJDK-11.0.11+9 (11.0.11+9) (build 11.0.11+9)
# Java VM: OpenJDK 64-Bit Server VM AdoptOpenJDK-11.0.11+9 (11.0.11+9, mixed mode, tiered, compressed oops, g1 gc, bsd-amd64)
Heap:
 garbage-first heap   total 131072K, used 60392K [0x0000000700000000, 0x0000000800000000)
  region size 1024K, 15 young (15360K), 5 survivors (5120K)
 Metaspace       used 39172K, capacity 39646K, committed 40240K, reserved 1083392K
  class space    used 5481K, capacity 5646K, committed 5760K, reserved 1048576K
GC Heap History (20 events):
Event: 10.499 GC heap before
{Heap before GC invocations=13 (full 0):
 garbage-first heap   total 131072K, used 102498K [0x0000000700000000, 0x0000000800000000)
  region size 1024K, 70 young (71680K), 6 survivors (6144K)
 Metaspace       used 33501K, capacity 33941K, committed 34352K, reserved 1079296K
  class space    used 4515K, capacity 4685K, committed 4736K, reserved 1048576K
}
Event: 10.502 GC heap after
{Heap after GC invocations=14 (full 0):
 garbage-first heap   total 131072K, used 38993K [0x0000000700000000, 0x0000000800000000)
  region size 1024K, 7 young (7168K), 7 survivors (7168K)
 Metaspace       used 33501K, capacity 33941K, committed 34352K, reserved 1079296K
  class space    used 4515K, capacity 4685K, committed 4736K, reserved 1048576K
}
Event: 11.091 GC heap before
{Heap before GC invocations=14 (full 0):
 garbage-first heap   total 131072K, used 102481K [0x0000000700000000, 0x0000000800000000)
  region size 1024K, 70 young (71680K), 7 survivors (7168K)
 Metaspace       used 34436K, capacity 34933K, committed 35504K, reserved 1079296K
  class space    used 4672K, capacity 4845K, committed 4864K, reserved 1048576K
}
Event: 11.093 GC heap after
{Heap after GC invocations=15 (full 0):
 garbage-first heap   total 131072K, used 40766K [0x0000000700000000, 0x0000000800000000)
  region size 1024K, 6 young (6144K), 6 survivors (6144K)
 Metaspace       used 34436K, capacity 34933K, committed 35504K, reserved 1079296K
  class space    used 4672K, capacity 4845K, committed 4864K, reserved 1048576K
}
Event: 11.643 GC heap before
{Heap before GC invocations=15 (full 0):
 garbage-first heap   total 131072K, used 98110K [0x0000000700000000, 0x0000000800000000)
  region size 1024K, 63 young (64512K), 6 survivors (6144K)
 Metaspace       used 34994K, capacity 35445K, committed 35888K, reserved 1081344K
  class space    used 4794K, capacity 4973K, committed 4992K, reserved 1048576K
}
Event: 11.645 GC heap after
{Heap after GC invocations=16 (full 0):
 garbage-first heap   total 131072K, used 42244K [0x0000000700000000, 0x0000000800000000)
  region size 1024K, 6 young (6144K), 6 survivors (6144K)
 Metaspace       used 34994K, capacity 35445K, committed 35888K, reserved 1081344K
  class space    used 4794K, capacity 4973K, committed 4992K, reserved 1048576K
}
Event: 12.280 GC heap before
{Heap before GC invocations=17 (full 0):
 garbage-first heap   total 131072K, used 105732K [0x0000000700000000, 0x0000000800000000)
  region size 1024K, 68 young (69632K), 6 survivors (6144K)
 Metaspace       used 35753K, capacity 36178K, committed 36912K, reserved 1081344K
  class space    used 4960K, capacity 5132K, committed 5248K, reserved 1048576K
}
Event: 12.282 GC heap after
{Heap after GC invocations=18 (full 0):
 garbage-first heap   total 131072K, used 42166K [0x0000000700000000, 0x0000000800000000)
  region size 1024K, 4 young (4096K), 4 survivors (4096K)
 Metaspace       used 35753K, capacity 36178K, committed 36912K, reserved 1081344K
  class space    used 4960K, capacity 5132K, committed 5248K, reserved 1048576K
}
Event: 12.898 GC heap before
{Heap before GC invocations=18 (full 0):
 garbage-first heap   total 131072K, used 105654K [0x0000000700000000, 0x0000000800000000)
  region size 1024K, 66 young (67584K), 4 survivors (4096K)
 Metaspace       used 36595K, capacity 37042K, committed 37552K, reserved 1081344K
  class space    used 5137K, capacity 5292K, committed 5376K, reserved 1048576K
}
Event: 12.900 GC heap after
{Heap after GC invocations=19 (full 0):
 garbage-first heap   total 131072K, used 42768K [0x0000000700000000, 0x0000000800000000)
  region size 1024K, 4 young (4096K), 4 survivors (4096K)
 Metaspace       used 36595K, capacity 37042K, committed 37552K, reserved 1081344K
  class space    used 5137K, capacity 5292K, committed 5376K, reserved 1048576K
}
Event: 13.506 GC heap before
{Heap before GC invocations=19 (full 0):
 garbage-first heap   total 131072K, used 107280K [0x0000000700000000, 0x0000000800000000)
  region size 1024K, 67 young (68608K), 4 survivors (4096K)
 Metaspace       used 37362K, capacity 37778K, committed 38448K, reserved 1083392K
  class space    used 5239K, capacity 5388K, committed 5504K, reserved 1048576K
}
Event: 13.508 GC heap after
{Heap after GC invocations=20 (full 0):
 garbage-first heap   total 131072K, used 43777K [0x0000000700000000, 0x0000000800000000)
  region size 1024K, 5 young (5120K), 5 survivors (5120K)
 Metaspace       used 37362K, capacity 37778K, committed 38448K, reserved 1083392K
  class space    used 5239K, capacity 5388K, committed 5504K, reserved 1048576K
}
Event: 14.076 GC heap before
{Heap before GC invocations=20 (full 0):
 garbage-first heap   total 131072K, used 109313K [0x0000000700000000, 0x0000000800000000)
  region size 1024K, 68 young (69632K), 5 survivors (5120K)
 Metaspace       used 37962K, capacity 38386K, committed 38960K, reserved 1083392K
  class space    used 5339K, capacity 5484K, committed 5504K, reserved 1048576K
}
Event: 14.078 GC heap after
{Heap after GC invocations=21 (full 0):
 garbage-first heap   total 131072K, used 46657K [0x0000000700000000, 0x0000000800000000)
  region size 1024K, 7 young (7168K), 7 survivors (7168K)
 Metaspace       used 37962K, capacity 38386K, committed 38960K, reserved 1083392K
  class space    used 5339K, capacity 5484K, committed 5504K, reserved 1048576K
}
Event: 14.791 GC heap before
{Heap before GC invocations=21 (full 0):
 garbage-first heap   total 131072K, used 108097K [0x0000000700000000, 0x0000000800000000)
  region size 1024K, 68 young (69632K), 7 survivors (7168K)
 Metaspace       used 38885K, capacity 39320K, committed 39984K, reserved 1083392K
  class space    used 5466K, capacity 5645K, committed 5760K, reserved 1048576K
}
Event: 14.794 GC heap after
{Heap after GC invocations=22 (full 0):
 garbage-first heap   total 131072K, used 49244K [0x0000000700000000, 0x0000000800000000)
  region size 1024K, 7 young (7168K), 7 survivors (7168K)
 Metaspace       used 38885K, capacity 39320K, committed 39984K, reserved 1083392K
  class space    used 5466K, capacity 5645K, committed 5760K, reserved 1048576K
}
Event: 15.140 GC heap before
{Heap before GC invocations=22 (full 0):
 garbage-first heap   total 131072K, used 109660K [0x0000000700000000, 0x0000000800000000)
  region size 1024K, 66 young (67584K), 7 survivors (7168K)
 Metaspace       used 39160K, capacity 39646K, committed 40240K, reserved 1083392K
  class space    used 5481K, capacity 5646K, committed 5760K, reserved 1048576K
}
Event: 15.144 GC heap after
{Heap after GC invocations=23 (full 0):
 garbage-first heap   total 131072K, used 50999K [0x0000000700000000, 0x0000000800000000)
  region size 1024K, 6 young (6144K), 6 survivors (6144K)
 Metaspace       used 39160K, capacity 39646K, committed 40240K, reserved 1083392K
  class space    used 5481K, capacity 5646K, committed 5760K, reserved 1048576K
}
Event: 15.270 GC heap before
{Heap before GC invocations=23 (full 0):
 garbage-first heap   total 131072K, used 110391K [0x0000000700000000, 0x0000000800000000)
  region size 1024K, 64 young (65536K), 6 survivors (6144K)
 Metaspace       used 39171K, capacity 39646K, committed 40240K, reserved 1083392K
  class space    used 5481K, capacity 5646K, committed 5760K, reserved 1048576K
}
Event: 15.272 GC heap after
{Heap after GC invocations=24 (full 0):
 garbage-first heap   total 131072K, used 51176K [0x0000000700000000, 0x0000000800000000)
  region size 1024K, 5 young (5120K), 5 survivors (5120K)
 Metaspace       used 39171K, capacity 39646K, committed 40240K, reserved 1083392K
  class space    used 5481K, capacity 5646K, committed 5760K, reserved 1048576K
}

