# JRE version: OpenJDK Runtime Environment AdoptOpenJDK-11.0.11+9 (11.0.11+9) (build 11.0.11+9)
# Java VM: OpenJDK 64-Bit Server VM AdoptOpenJDK-11.0.11+9 (11.0.11+9, mixed mode, tiered, compressed oops, g1 gc, bsd-amd64)
Heap:
 garbage-first heap   total 131072K, used 80150K [0x0000000700000000, 0x0000000800000000)
  region size 1024K, 35 young (35840K), 5 survivors (5120K)
 Metaspace       used 37808K, capacity 38258K, committed 38784K, reserved 1083392K
  class space    used 5349K, capacity 5480K, committed 5504K, reserved 1048576K
GC Heap History (20 events):
Event: 19.493 GC heap before
{Heap before GC invocations=12 (full 0):
 garbage-first heap   total 131072K, used 100236K [0x0000000700000000, 0x0000000800000000)
  region size 1024K, 69 young (70656K), 6 survivors (6144K)
 Metaspace       used 31682K, capacity 32137K, committed 32768K, reserved 1077248K
  class space    used 4321K, capacity 4487K, committed 4608K, reserved 1048576K
}
Event: 19.495 GC heap after
{Heap after GC invocations=13 (full 0):
 garbage-first heap   total 131072K, used 36879K [0x0000000700000000, 0x0000000800000000)
  region size 1024K, 6 young (6144K), 6 survivors (6144K)
 Metaspace       used 31682K, capacity 32137K, committed 32768K, reserved 1077248K
  class space    used 4321K, capacity 4487K, committed 4608K, reserved 1048576K
}
Event: 20.140 GC heap before
{Heap before GC invocations=13 (full 0):
 garbage-first heap   total 131072K, used 100367K [0x0000000700000000, 0x0000000800000000)
  region size 1024K, 69 young (70656K), 6 survivors (6144K)
 Metaspace       used 32637K, capacity 33065K, committed 33664K, reserved 1079296K
  class space    used 4477K, capacity 4647K, committed 4736K, reserved 1048576K
}
Event: 20.143 GC heap after
{Heap after GC invocations=14 (full 0):
 garbage-first heap   total 131072K, used 39799K [0x0000000700000000, 0x0000000800000000)
  region size 1024K, 8 young (8192K), 8 survivors (8192K)
 Metaspace       used 32637K, capacity 33065K, committed 33664K, reserved 1079296K
  class space    used 4477K, capacity 4647K, committed 4736K, reserved 1048576K
}
Event: 20.748 GC heap before
{Heap before GC invocations=14 (full 0):
 garbage-first heap   total 131072K, used 103287K [0x0000000700000000, 0x0000000800000000)
  region size 1024K, 70 young (71680K), 8 survivors (8192K)
 Metaspace       used 33390K, capacity 33833K, committed 34560K, reserved 1079296K
  class space    used 4608K, capacity 4775K, committed 4864K, reserved 1048576K
}
Event: 20.751 GC heap after
{Heap after GC invocations=15 (full 0):
 garbage-first heap   total 131072K, used 40787K [0x0000000700000000, 0x0000000800000000)
  region size 1024K, 6 young (6144K), 6 survivors (6144K)
 Metaspace       used 33390K, capacity 33833K, committed 34560K, reserved 1079296K
  class space    used 4608K, capacity 4775K, committed 4864K, reserved 1048576K
}
Event: 21.378 GC heap before
{Heap before GC invocations=15 (full 0):
 garbage-first heap   total 131072K, used 104275K [0x0000000700000000, 0x0000000800000000)
  region size 1024K, 68 young (69632K), 6 survivors (6144K)
 Metaspace       used 34165K, capacity 34633K, committed 35200K, reserved 1079296K
  class space    used 4786K, capacity 4935K, committed 4992K, reserved 1048576K
}
Event: 21.379 GC heap after
{Heap after GC invocations=16 (full 0):
 garbage-first heap   total 131072K, used 42102K [0x0000000700000000, 0x0000000800000000)
  region size 1024K, 6 young (6144K), 6 survivors (6144K)
 Metaspace       used 34165K, capacity 34633K, committed 35200K, reserved 1079296K
  class space    used 4786K, capacity 4935K, committed 4992K, reserved 1048576K
}
Event: 21.965 GC heap before
{Heap before GC invocations=16 (full 0):
 garbage-first heap   total 131072K, used 100470K [0x0000000700000000, 0x0000000800000000)
  region size 1024K, 64 young (65536K), 6 survivors (6144K)
 Metaspace       used 34960K, capacity 35369K, committed 35840K, reserved 1079296K
  class space    used 4960K, capacity 5095K, committed 5120K, reserved 1048576K
}
Event: 21.967 GC heap after
{Heap after GC invocations=17 (full 0):
 garbage-first heap   total 131072K, used 42315K [0x0000000700000000, 0x0000000800000000)
  region size 1024K, 3 young (3072K), 3 survivors (3072K)
 Metaspace       used 34960K, capacity 35369K, committed 35840K, reserved 1079296K
  class space    used 4960K, capacity 5095K, committed 5120K, reserved 1048576K
}
Event: 22.662 GC heap before
{Heap before GC invocations=18 (full 0):
 garbage-first heap   total 131072K, used 106827K [0x0000000700000000, 0x0000000800000000)
  region size 1024K, 67 young (68608K), 3 survivors (3072K)
 Metaspace       used 35767K, capacity 36198K, committed 36736K, reserved 1081344K
  class space    used 5060K, capacity 5222K, committed 5248K, reserved 1048576K
}
Event: 22.664 GC heap after
{Heap after GC invocations=19 (full 0):
 garbage-first heap   total 131072K, used 43244K [0x0000000700000000, 0x0000000800000000)
  region size 1024K, 4 young (4096K), 4 survivors (4096K)
 Metaspace       used 35767K, capacity 36198K, committed 36736K, reserved 1081344K
  class space    used 5060K, capacity 5222K, committed 5248K, reserved 1048576K
}
Event: 23.299 GC heap before
{Heap before GC invocations=19 (full 0):
 garbage-first heap   total 131072K, used 109804K [0x0000000700000000, 0x0000000800000000)
  region size 1024K, 68 young (69632K), 4 survivors (4096K)
 Metaspace       used 36441K, capacity 36838K, committed 37376K, reserved 1081344K
  class space    used 5179K, capacity 5350K, committed 5376K, reserved 1048576K
}
Event: 23.301 GC heap after
{Heap after GC invocations=20 (full 0):
 garbage-first heap   total 131072K, used 46137K [0x0000000700000000, 0x0000000800000000)
  region size 1024K, 6 young (6144K), 6 survivors (6144K)
 Metaspace       used 36441K, capacity 36838K, committed 37376K, reserved 1081344K
  class space    used 5179K, capacity 5350K, committed 5376K, reserved 1048576K
}
Event: 23.988 GC heap before
{Heap before GC invocations=20 (full 0):
 garbage-first heap   total 131072K, used 108601K [0x0000000700000000, 0x0000000800000000)
  region size 1024K, 68 young (69632K), 6 survivors (6144K)
 Metaspace       used 37318K, capacity 37798K, committed 38528K, reserved 1083392K
  class space    used 5330K, capacity 5478K, committed 5504K, reserved 1048576K
}
Event: 23.991 GC heap after
{Heap after GC invocations=21 (full 0):
 garbage-first heap   total 131072K, used 47024K [0x0000000700000000, 0x0000000800000000)
  region size 1024K, 6 young (6144K), 6 survivors (6144K)
 Metaspace       used 37318K, capacity 37798K, committed 38528K, reserved 1083392K
  class space    used 5330K, capacity 5478K, committed 5504K, reserved 1048576K
}
Event: 24.596 GC heap before
{Heap before GC invocations=21 (full 0):
 garbage-first heap   total 131072K, used 108464K [0x0000000700000000, 0x0000000800000000)
  region size 1024K, 67 young (68608K), 6 survivors (6144K)
 Metaspace       used 37790K, capacity 38194K, committed 38784K, reserved 1083392K
  class space    used 5349K, capacity 5480K, committed 5504K, reserved 1048576K
}
Event: 24.599 GC heap after
{Heap after GC invocations=22 (full 0):
 garbage-first heap   total 131072K, used 50561K [0x0000000700000000, 0x0000000800000000)
  region size 1024K, 8 young (8192K), 8 survivors (8192K)
 Metaspace       used 37790K, capacity 38194K, committed 38784K, reserved 1083392K
  class space    used 5349K, capacity 5480K, committed 5504K, reserved 1048576K
}
Event: 24.715 GC heap before
{Heap before GC invocations=22 (full 0):
 garbage-first heap   total 131072K, used 108929K [0x0000000700000000, 0x0000000800000000)
  region size 1024K, 65 young (66560K), 8 survivors (8192K)
 Metaspace       used 37800K, capacity 38258K, committed 38784K, reserved 1083392K
  class space    used 5349K, capacity 5480K, committed 5504K, reserved 1048576K
}
Event: 24.718 GC heap after
{Heap after GC invocations=23 (full 0):
 garbage-first heap   total 131072K, used 50454K [0x0000000700000000, 0x0000000800000000)
  region size 1024K, 5 young (5120K), 5 survivors (5120K)
 Metaspace       used 37800K, capacity 38258K, committed 38784K, reserved 1083392K
  class space    used 5349K, capacity 5480K, committed 5504K, reserved 1048576K
}

