# JRE version: OpenJDK Runtime Environment AdoptOpenJDK-11.0.11+9 (11.0.11+9) (build 11.0.11+9)
# Java VM: OpenJDK 64-Bit Server VM AdoptOpenJDK-11.0.11+9 (11.0.11+9, mixed mode, tiered, compressed oops, g1 gc, bsd-amd64)
Heap:
 garbage-first heap   total 157696K, used 76362K [0x0000000700000000, 0x0000000800000000)
  region size 1024K, 30 young (30720K), 4 survivors (4096K)
 Metaspace       used 36426K, capacity 36839K, committed 37632K, reserved 1081344K
  class space    used 5151K, capacity 5287K, committed 5376K, reserved 1048576K
GC Heap History (20 events):
Event: 5.429 GC heap before
{Heap before GC invocations=9 (full 0):
 garbage-first heap   total 157696K, used 119776K [0x0000000700000000, 0x0000000800000000)
  region size 1024K, 91 young (93184K), 6 survivors (6144K)
 Metaspace       used 27989K, capacity 28384K, committed 28800K, reserved 1075200K
  class space    used 3726K, capacity 3879K, committed 3968K, reserved 1048576K
}
Event: 5.432 GC heap after
{Heap after GC invocations=10 (full 0):
 garbage-first heap   total 157696K, used 34355K [0x0000000700000000, 0x0000000800000000)
  region size 1024K, 7 young (7168K), 7 survivors (7168K)
 Metaspace       used 27989K, capacity 28384K, committed 28800K, reserved 1075200K
  class space    used 3726K, capacity 3879K, committed 3968K, reserved 1048576K
}
Event: 6.221 GC heap before
{Heap before GC invocations=10 (full 0):
 garbage-first heap   total 157696K, used 120371K [0x0000000700000000, 0x0000000800000000)
  region size 1024K, 92 young (94208K), 7 survivors (7168K)
 Metaspace       used 29537K, capacity 29956K, committed 30336K, reserved 1075200K
  class space    used 3999K, capacity 4167K, committed 4224K, reserved 1048576K
}
Event: 6.224 GC heap after
{Heap after GC invocations=11 (full 0):
 garbage-first heap   total 157696K, used 36494K [0x0000000700000000, 0x0000000800000000)
  region size 1024K, 8 young (8192K), 8 survivors (8192K)
 Metaspace       used 29537K, capacity 29956K, committed 30336K, reserved 1075200K
  class space    used 3999K, capacity 4167K, committed 4224K, reserved 1048576K
}
Event: 6.989 GC heap before
{Heap before GC invocations=11 (full 0):
 garbage-first heap   total 157696K, used 121486K [0x0000000700000000, 0x0000000800000000)
  region size 1024K, 92 young (94208K), 8 survivors (8192K)
 Metaspace       used 30893K, capacity 31364K, committed 31872K, reserved 1077248K
  class space    used 4201K, capacity 4359K, committed 4480K, reserved 1048576K
}
Event: 6.991 GC heap after
{Heap after GC invocations=12 (full 0):
 garbage-first heap   total 157696K, used 39098K [0x0000000700000000, 0x0000000800000000)
  region size 1024K, 8 young (8192K), 8 survivors (8192K)
 Metaspace       used 30893K, capacity 31364K, committed 31872K, reserved 1077248K
  class space    used 4201K, capacity 4359K, committed 4480K, reserved 1048576K
}
Event: 7.778 GC heap before
{Heap before GC invocations=12 (full 0):
 garbage-first heap   total 157696K, used 124090K [0x0000000700000000, 0x0000000800000000)
  region size 1024K, 92 young (94208K), 8 survivors (8192K)
 Metaspace       used 32009K, capacity 32484K, committed 33024K, reserved 1077248K
  class space    used 4406K, capacity 4583K, committed 4608K, reserved 1048576K
}
Event: 7.781 GC heap after
{Heap after GC invocations=13 (full 0):
 garbage-first heap   total 157696K, used 41116K [0x0000000700000000, 0x0000000800000000)
  region size 1024K, 9 young (9216K), 9 survivors (9216K)
 Metaspace       used 32009K, capacity 32484K, committed 33024K, reserved 1077248K
  class space    used 4406K, capacity 4583K, committed 4608K, reserved 1048576K
}
Event: 8.579 GC heap before
{Heap before GC invocations=13 (full 0):
 garbage-first heap   total 157696K, used 125084K [0x0000000700000000, 0x0000000800000000)
  region size 1024K, 92 young (94208K), 9 survivors (9216K)
 Metaspace       used 32989K, capacity 33412K, committed 34048K, reserved 1079296K
  class space    used 4615K, capacity 4807K, committed 4864K, reserved 1048576K
}
Event: 8.581 GC heap after
{Heap after GC invocations=14 (full 0):
 garbage-first heap   total 157696K, used 42698K [0x0000000700000000, 0x0000000800000000)
  region size 1024K, 9 young (9216K), 9 survivors (9216K)
 Metaspace       used 32989K, capacity 33412K, committed 34048K, reserved 1079296K
  class space    used 4615K, capacity 4807K, committed 4864K, reserved 1048576K
}
Event: 9.397 GC heap before
{Heap before GC invocations=14 (full 0):
 garbage-first heap   total 157696K, used 127690K [0x0000000700000000, 0x0000000800000000)
  region size 1024K, 92 young (94208K), 9 survivors (9216K)
 Metaspace       used 34117K, capacity 34596K, committed 35328K, reserved 1079296K
  class space    used 4834K, capacity 5031K, committed 5120K, reserved 1048576K
}
Event: 9.399 GC heap after
{Heap after GC invocations=15 (full 0):
 garbage-first heap   total 157696K, used 43125K [0x0000000700000000, 0x0000000800000000)
  region size 1024K, 7 young (7168K), 7 survivors (7168K)
 Metaspace       used 34117K, capacity 34596K, committed 35328K, reserved 1079296K
  class space    used 4834K, capacity 5031K, committed 5120K, reserved 1048576K
}
Event: 9.870 GC heap before
{Heap before GC invocations=15 (full 0):
 garbage-first heap   total 157696K, used 93301K [0x0000000700000000, 0x0000000800000000)
  region size 1024K, 57 young (58368K), 7 survivors (7168K)
 Metaspace       used 34679K, capacity 35108K, committed 35584K, reserved 1079296K
  class space    used 4924K, capacity 5095K, committed 5120K, reserved 1048576K
}
Event: 9.873 GC heap after
{Heap after GC invocations=16 (full 0):
 garbage-first heap   total 157696K, used 44040K [0x0000000700000000, 0x0000000800000000)
  region size 1024K, 8 young (8192K), 8 survivors (8192K)
 Metaspace       used 34679K, capacity 35108K, committed 35584K, reserved 1079296K
  class space    used 4924K, capacity 5095K, committed 5120K, reserved 1048576K
}
Event: 10.648 GC heap before
{Heap before GC invocations=17 (full 0):
 garbage-first heap   total 157696K, used 123912K [0x0000000700000000, 0x0000000800000000)
  region size 1024K, 86 young (88064K), 8 survivors (8192K)
 Metaspace       used 35429K, capacity 35867K, committed 36480K, reserved 1081344K
  class space    used 5049K, capacity 5221K, committed 5248K, reserved 1048576K
}
Event: 10.651 GC heap after
{Heap after GC invocations=18 (full 0):
 garbage-first heap   total 157696K, used 47040K [0x0000000700000000, 0x0000000800000000)
  region size 1024K, 7 young (7168K), 7 survivors (7168K)
 Metaspace       used 35429K, capacity 35867K, committed 36480K, reserved 1081344K
  class space    used 5049K, capacity 5221K, committed 5248K, reserved 1048576K
}
Event: 11.450 GC heap before
{Heap before GC invocations=18 (full 0):
 garbage-first heap   total 157696K, used 126912K [0x0000000700000000, 0x0000000800000000)
  region size 1024K, 86 young (88064K), 7 survivors (7168K)
 Metaspace       used 36406K, capacity 36775K, committed 37376K, reserved 1081344K
  class space    used 5151K, capacity 5287K, committed 5376K, reserved 1048576K
}
Event: 11.454 GC heap after
{Heap after GC invocations=19 (full 0):
 garbage-first heap   total 157696K, used 51224K [0x0000000700000000, 0x0000000800000000)
  region size 1024K, 10 young (10240K), 10 survivors (10240K)
 Metaspace       used 36406K, capacity 36775K, committed 37376K, reserved 1081344K
  class space    used 5151K, capacity 5287K, committed 5376K, reserved 1048576K
}
Event: 11.602 GC heap before
{Heap before GC invocations=19 (full 0):
 garbage-first heap   total 157696K, used 127000K [0x0000000700000000, 0x0000000800000000)
  region size 1024K, 84 young (86016K), 10 survivors (10240K)
 Metaspace       used 36424K, capacity 36775K, committed 37376K, reserved 1081344K
  class space    used 5151K, capacity 5287K, committed 5376K, reserved 1048576K
}
Event: 11.605 GC heap after
{Heap after GC invocations=20 (full 0):
 garbage-first heap   total 157696K, used 50762K [0x0000000700000000, 0x0000000800000000)
  region size 1024K, 4 young (4096K), 4 survivors (4096K)
 Metaspace       used 36424K, capacity 36775K, committed 37376K, reserved 1081344K
  class space    used 5151K, capacity 5287K, committed 5376K, reserved 1048576K
}

